<?xml version="1.0" encoding="UTF-8"?>
<!-- Generated by org.testng.reporters.JUnitXMLReporter -->
<testsuite ignored="14" hostname="ahub-iball500" failures="0" tests="2" name="Test" time="38.087" errors="0" timestamp="2025-09-03T19:08:33 IST">
  <testcase classname="testCaseRepo.TC_003" name="LE_003" time="14.076"/>
  <testcase classname="testCaseRepo.TC_001" name="LE_001" time="8.934"/>
  <testcase classname="genericUtility.BaseClass" name="@BeforeSuite dbConnection" time="0.0">
    <ignored/>
  </testcase> <!-- @BeforeSuite dbConnection -->
  <testcase classname="genericUtility.BaseClass" name="@AfterSuite disconnectDB" time="0.0">
    <ignored/>
  </testcase> <!-- @AfterSuite disconnectDB -->
  <testcase classname="testCaseRepo.TC_004" name="CON_001" time="0.0">
    <ignored/>
  </testcase> <!-- CON_001 -->
  <testcase classname="genericUtility.BaseClass" name="@AfterSuite disconnectDB" time="0.0">
    <ignored/>
  </testcase> <!-- @AfterSuite disconnectDB -->
  <testcase classname="genericUtility.BaseClass" name="@BeforeSuite dbConnection" time="0.0">
    <ignored/>
  </testcase> <!-- @BeforeSuite dbConnection -->
  <testcase classname="testCaseRepo.TC_006" name="CON_003" time="0.0">
    <ignored/>
  </testcase> <!-- CON_003 -->
  <testcase classname="testCaseRepo.TC_002" name="LE_002" time="0.0">
    <ignored/>
  </testcase> <!-- LE_002 -->
  <testcase classname="genericUtility.BaseClass" name="@BeforeSuite dbConnection" time="0.0">
    <ignored/>
  </testcase> <!-- @BeforeSuite dbConnection -->
  <testcase classname="testCaseRepo.TC_005" name="CON_002" time="0.0">
    <ignored/>
  </testcase> <!-- CON_002 -->
  <testcase classname="genericUtility.BaseClass" name="@BeforeSuite dbConnection" time="0.0">
    <ignored/>
  </testcase> <!-- @BeforeSuite dbConnection -->
  <testcase classname="genericUtility.BaseClass" name="@AfterSuite disconnectDB" time="0.0">
    <ignored/>
  </testcase> <!-- @AfterSuite disconnectDB -->
  <testcase classname="genericUtility.BaseClass" name="@BeforeSuite dbConnection" time="0.0">
    <ignored/>
  </testcase> <!-- @BeforeSuite dbConnection -->
  <testcase classname="genericUtility.BaseClass" name="@AfterSuite disconnectDB" time="0.0">
    <ignored/>
  </testcase> <!-- @AfterSuite disconnectDB -->
  <testcase classname="genericUtility.BaseClass" name="@AfterSuite disconnectDB" time="0.0">
    <ignored/>
  </testcase> <!-- @AfterSuite disconnectDB -->
</testsuite> <!-- Test -->
