<?xml version="1.0" encoding="UTF-8"?>
<!-- Generated by org.testng.reporters.JUnitReportReporter -->
<testsuite hostname="ahub-iball500" failures="0" tests="3" name="practice.RetryAnalyzerPrac" time="0.081" errors="0" timestamp="2025-09-09T09:59:12 IST" skipped="2">
  <testcase classname="practice.RetryAnalyzerPrac" name="demo" time="0.019">
    <skipped/>
  </testcase> <!-- demo -->
  <testcase classname="practice.RetryAnalyzerPrac" name="demo" time="0.009"/>
  <testcase classname="practice.RetryAnalyzerPrac" name="demo" time="0.053">
    <skipped/>
  </testcase> <!-- demo -->
</testsuite> <!-- practice.RetryAnalyzerPrac -->
