<?xml version="1.0" encoding="UTF-8"?>
<!-- Generated by org.testng.reporters.JUnitReportReporter -->
<testsuite hostname="ahub-iball500" failures="0" tests="4" name="practice.TestNGPractice" time="0.052" errors="0" timestamp="2025-08-28T20:49:44 IST" skipped="1">
  <testcase classname="practice.TestNGPractice" name="modifiedUser" time="0.005"/>
  <testcase classname="practice.TestNGPractice" name="deleteUser" time="0.042"/>
  <testcase classname="practice.TestNGPractice" name="deleteUser" time="0.005"/>
  <testcase classname="practice.TestNGPractice" name="createUser">
    <skipped/>
  </testcase> <!-- createUser -->
</testsuite> <!-- practice.TestNGPractice -->
