<?xml version="1.0" encoding="UTF-8"?>
<!-- Generated by org.testng.reporters.JUnitReportReporter -->
<testsuite hostname="ahub-iball500" failures="0" tests="1" name="testCaseRepo.TC_003" time="19.253" errors="0" timestamp="2025-09-06T12:29:10 IST" skipped="0">
  <testcase classname="testCaseRepo.TC_003" name="LE_003" time="19.253">
    <system-out>
      <![CDATA[LE_003 Test Method Started
LE_003 Test Method Executed Successfully]]>
    </system-out>
  </testcase> <!-- LE_003 -->
  <system-out>
    <![CDATA[LE_003 Test Method Started
LE_003 Test Method Executed Successfully
LE_001 Test Method Started
LE_001 Test Method Failed
CON_001 Test Method Started
CON_001 Test Method Executed Successfully]]>
  </system-out>
</testsuite> <!-- testCaseRepo.TC_003 -->
