<?xml version="1.0" encoding="UTF-8"?>
<!-- Generated by org.testng.reporters.JUnitReportReporter -->
<testsuite hostname="ahub-iball500" failures="0" tests="2" name="practice.HardAssertionPrac" time="0.059" errors="0" timestamp="2025-08-28T21:01:51 IST" skipped="0">
  <testcase classname="practice.HardAssertionPrac" name="strictLevelCampare" time="0.006"/>
  <testcase classname="practice.HardAssertionPrac" name="containsLevelComapre" time="0.053"/>
</testsuite> <!-- practice.HardAssertionPrac -->
