<?xml version="1.0" encoding="UTF-8"?>
<!-- Generated by org.testng.reporters.JUnitReportReporter -->
<testsuite hostname="ahub-iball500" failures="0" tests="1" name="testCaseRepo.TC_001" time="11.859" errors="0" timestamp="2025-09-08T20:14:20 IST" skipped="0">
  <testcase classname="testCaseRepo.TC_001" name="LE_001" time="11.859">
    <system-out>
      <![CDATA[LE_001 Test Method Started
LE_001 Test Method Executed Successfully]]>
    </system-out>
  </testcase> <!-- LE_001 -->
  <system-out>
    <![CDATA[LE_003 Test Method Started
LE_003 Test Method Executed Successfully
LE_001 Test Method Started
LE_001 Test Method Executed Successfully]]>
  </system-out>
</testsuite> <!-- testCaseRepo.TC_001 -->
