<?xml version="1.0" encoding="UTF-8"?>
<!-- Generated by org.testng.reporters.JUnitXMLReporter -->
<testsuite ignored="2" hostname="ahub-iball500" failures="0" tests="2" name="Test1" time="57.395" errors="0" timestamp="2025-09-04T20:01:53 IST">
  <testcase classname="testCaseRepo.TC_002" name="LE_002" time="25.504"/>
  <testcase classname="testCaseRepo.TC_004" name="CON_001" time="12.039"/>
  <testcase classname="genericUtility.BaseClass" name="@AfterSuite disconnectDB" time="0.0">
    <ignored/>
  </testcase> <!-- @AfterSuite disconnectDB -->
  <testcase classname="genericUtility.BaseClass" name="@BeforeSuite dbConnection" time="0.0">
    <ignored/>
  </testcase> <!-- @BeforeSuite dbConnection -->
</testsuite> <!-- Test1 -->
