<?xml version="1.0" encoding="UTF-8"?>
<testng-results ignored="0" total="3" passed="2" failed="1" skipped="0">
  <reporter-output>
    <line>
      <![CDATA[LE_003 Test Method Started]]>
    </line>
    <line>
      <![CDATA[LE_003 Test Method Executed Successfully]]>
    </line>
    <line>
      <![CDATA[LE_001 Test Method Started]]>
    </line>
    <line>
      <![CDATA[LE_001 Test Method Failed]]>
    </line>
    <line>
      <![CDATA[CON_001 Test Method Started]]>
    </line>
    <line>
      <![CDATA[CON_001 Test Method Executed Successfully]]>
    </line>
  </reporter-output>
  <suite started-at="2025-09-06T12:28:09 IST" name="Suite" finished-at="2025-09-06T12:29:08 IST" duration-ms="59282">
    <groups>
      <group name="Sanity">
        <method signature="TC_001.LE_001()[pri:0, instance:testCaseRepo.TC_001@2f4948e4]" name="LE_001" class="testCaseRepo.TC_001"/>
        <method signature="TC_004.CON_001()[pri:0, instance:testCaseRepo.TC_004@1f2586d6]" name="CON_001" class="testCaseRepo.TC_004"/>
      </group> <!-- Sanity -->
      <group name="Regression">
        <method signature="TC_003.LE_003()[pri:0, instance:testCaseRepo.TC_003@1573f9fc]" name="LE_003" class="testCaseRepo.TC_003"/>
      </group> <!-- Regression -->
      <group name="Smoke">
        <method signature="TC_001.LE_001()[pri:0, instance:testCaseRepo.TC_001@2f4948e4]" name="LE_001" class="testCaseRepo.TC_001"/>
        <method signature="TC_003.LE_003()[pri:0, instance:testCaseRepo.TC_003@1573f9fc]" name="LE_003" class="testCaseRepo.TC_003"/>
      </group> <!-- Smoke -->
    </groups>
    <test started-at="2025-09-06T12:28:09 IST" name="Test" finished-at="2025-09-06T12:29:08 IST" duration-ms="59282">
      <class name="testCaseRepo.TC_001">
        <test-method is-config="true" signature="launchBrowser(java.lang.String)[pri:0, instance:testCaseRepo.TC_001@2f4948e4]" started-at="2025-09-06T12:28:36 IST" name="launchBrowser" finished-at="2025-09-06T12:28:41 IST" duration-ms="4693" status="PASS">
          <params>
            <param index="0">
              <value>
                <![CDATA[chrome]]>
              </value>
            </param>
          </params>
          <reporter-output>
          </reporter-output>
        </test-method> <!-- launchBrowser -->
        <test-method is-config="true" signature="logiinOperation()[pri:0, instance:testCaseRepo.TC_001@2f4948e4]" started-at="2025-09-06T12:28:41 IST" name="logiinOperation" finished-at="2025-09-06T12:28:42 IST" duration-ms="1336" status="PASS">
          <reporter-output>
          </reporter-output>
        </test-method> <!-- logiinOperation -->
        <test-method signature="LE_001()[pri:0, instance:testCaseRepo.TC_001@2f4948e4]" started-at="2025-09-06T12:28:42 IST" name="LE_001" finished-at="2025-09-06T12:28:47 IST" duration-ms="4800" status="FAIL">
          <exception class="java.lang.AssertionError">
            <message>
              <![CDATA[null]]>
            </message>
            <full-stacktrace>
              <![CDATA[java.lang.AssertionError: null
at org.testng.Assert.fail(Assert.java:111)
at org.testng.Assert.fail(Assert.java:116)
at testCaseRepo.TC_001.LE_001(TC_001.java:22)
at java.base/jdk.internal.reflect.DirectMethodHandleAccessor.invoke(DirectMethodHandleAccessor.java:103)
at java.base/java.lang.reflect.Method.invoke(Method.java:580)
at org.testng.internal.invokers.MethodInvocationHelper.invokeMethod(MethodInvocationHelper.java:141)
at org.testng.internal.invokers.TestInvoker.invokeMethod(TestInvoker.java:687)
at org.testng.internal.invokers.TestInvoker.invokeTestMethod(TestInvoker.java:230)
at org.testng.internal.invokers.MethodRunner.runInSequence(MethodRunner.java:63)
at org.testng.internal.invokers.TestInvoker$MethodInvocationAgent.invoke(TestInvoker.java:995)
at org.testng.internal.invokers.TestInvoker.invokeTestMethods(TestInvoker.java:203)
at org.testng.internal.invokers.TestMethodWorker.invokeTestMethods(TestMethodWorker.java:154)
at org.testng.internal.invokers.TestMethodWorker.run(TestMethodWorker.java:134)
at java.base/java.util.ArrayList.forEach(ArrayList.java:1596)
at org.testng.TestRunner.privateRun(TestRunner.java:741)
at org.testng.TestRunner.run(TestRunner.java:616)
at org.testng.SuiteRunner.runTest(SuiteRunner.java:421)
at org.testng.SuiteRunner.runSequentially(SuiteRunner.java:413)
at org.testng.SuiteRunner.privateRun(SuiteRunner.java:373)
at org.testng.SuiteRunner.run(SuiteRunner.java:312)
at org.testng.SuiteRunnerWorker.runSuite(SuiteRunnerWorker.java:52)
at org.testng.SuiteRunnerWorker.run(SuiteRunnerWorker.java:95)
at org.testng.TestNG.runSuitesSequentially(TestNG.java:1274)
at org.testng.TestNG.runSuitesLocally(TestNG.java:1208)
at org.testng.TestNG.runSuites(TestNG.java:1112)
at org.testng.TestNG.run(TestNG.java:1079)
at org.testng.remote.AbstractRemoteTestNG.run(AbstractRemoteTestNG.java:115)
at org.testng.remote.RemoteTestNG.initAndRun(RemoteTestNG.java:293)
at org.testng.remote.RemoteTestNG.main(RemoteTestNG.java:91)
]]>
            </full-stacktrace>
          </exception> <!-- java.lang.AssertionError -->
          <reporter-output>
            <line>
              <![CDATA[LE_001 Test Method Started]]>
            </line>
            <line>
              <![CDATA[LE_001 Test Method Failed]]>
            </line>
          </reporter-output>
        </test-method> <!-- LE_001 -->
        <test-method is-config="true" signature="logoutOperation()[pri:0, instance:testCaseRepo.TC_001@2f4948e4]" started-at="2025-09-06T12:28:48 IST" name="logoutOperation" finished-at="2025-09-06T12:28:49 IST" duration-ms="1245" status="PASS">
          <reporter-output>
          </reporter-output>
        </test-method> <!-- logoutOperation -->
        <test-method is-config="true" signature="closeBrowser()[pri:0, instance:testCaseRepo.TC_001@2f4948e4]" started-at="2025-09-06T12:28:49 IST" name="closeBrowser" finished-at="2025-09-06T12:28:49 IST" duration-ms="201" status="PASS">
          <reporter-output>
          </reporter-output>
        </test-method> <!-- closeBrowser -->
      </class> <!-- testCaseRepo.TC_001 -->
      <class name="testCaseRepo.TC_003">
        <test-method is-config="true" signature="dbConnection()[pri:0, instance:testCaseRepo.TC_003@1573f9fc]" started-at="2025-09-06T12:28:09 IST" name="dbConnection" finished-at="2025-09-06T12:28:09 IST" duration-ms="36" status="PASS">
          <reporter-output>
          </reporter-output>
        </test-method> <!-- dbConnection -->
        <test-method is-config="true" signature="launchBrowser(java.lang.String)[pri:0, instance:testCaseRepo.TC_003@1573f9fc]" started-at="2025-09-06T12:28:10 IST" name="launchBrowser" finished-at="2025-09-06T12:28:16 IST" duration-ms="6616" status="PASS">
          <params>
            <param index="0">
              <value>
                <![CDATA[chrome]]>
              </value>
            </param>
          </params>
          <reporter-output>
          </reporter-output>
        </test-method> <!-- launchBrowser -->
        <test-method is-config="true" signature="logiinOperation()[pri:0, instance:testCaseRepo.TC_003@1573f9fc]" started-at="2025-09-06T12:28:17 IST" name="logiinOperation" finished-at="2025-09-06T12:28:18 IST" duration-ms="1468" status="PASS">
          <reporter-output>
          </reporter-output>
        </test-method> <!-- logiinOperation -->
        <test-method signature="LE_003()[pri:0, instance:testCaseRepo.TC_003@1573f9fc]" started-at="2025-09-06T12:28:18 IST" name="LE_003" finished-at="2025-09-06T12:28:34 IST" duration-ms="16137" status="PASS">
          <reporter-output>
            <line>
              <![CDATA[LE_003 Test Method Started]]>
            </line>
            <line>
              <![CDATA[LE_003 Test Method Executed Successfully]]>
            </line>
          </reporter-output>
        </test-method> <!-- LE_003 -->
        <test-method is-config="true" signature="logoutOperation()[pri:0, instance:testCaseRepo.TC_003@1573f9fc]" started-at="2025-09-06T12:28:34 IST" name="logoutOperation" finished-at="2025-09-06T12:28:36 IST" duration-ms="1648" status="PASS">
          <reporter-output>
          </reporter-output>
        </test-method> <!-- logoutOperation -->
        <test-method is-config="true" signature="closeBrowser()[pri:0, instance:testCaseRepo.TC_003@1573f9fc]" started-at="2025-09-06T12:28:36 IST" name="closeBrowser" finished-at="2025-09-06T12:28:36 IST" duration-ms="318" status="PASS">
          <reporter-output>
          </reporter-output>
        </test-method> <!-- closeBrowser -->
        <test-method is-config="true" signature="disconnectDB()[pri:0, instance:testCaseRepo.TC_003@1573f9fc]" started-at="2025-09-06T12:29:10 IST" name="disconnectDB" finished-at="2025-09-06T12:29:10 IST" duration-ms="4" status="PASS">
          <reporter-output>
          </reporter-output>
        </test-method> <!-- disconnectDB -->
      </class> <!-- testCaseRepo.TC_003 -->
      <class name="testCaseRepo.TC_004">
        <test-method is-config="true" signature="launchBrowser(java.lang.String)[pri:0, instance:testCaseRepo.TC_004@1f2586d6]" started-at="2025-09-06T12:28:49 IST" name="launchBrowser" finished-at="2025-09-06T12:28:53 IST" duration-ms="3711" status="PASS">
          <params>
            <param index="0">
              <value>
                <![CDATA[chrome]]>
              </value>
            </param>
          </params>
          <reporter-output>
          </reporter-output>
        </test-method> <!-- launchBrowser -->
        <test-method is-config="true" signature="logiinOperation()[pri:0, instance:testCaseRepo.TC_004@1f2586d6]" started-at="2025-09-06T12:28:53 IST" name="logiinOperation" finished-at="2025-09-06T12:28:54 IST" duration-ms="1409" status="PASS">
          <reporter-output>
          </reporter-output>
        </test-method> <!-- logiinOperation -->
        <test-method signature="CON_001()[pri:0, instance:testCaseRepo.TC_004@1f2586d6]" started-at="2025-09-06T12:28:54 IST" name="CON_001" finished-at="2025-09-06T12:29:07 IST" duration-ms="12425" status="PASS">
          <reporter-output>
            <line>
              <![CDATA[CON_001 Test Method Started]]>
            </line>
            <line>
              <![CDATA[CON_001 Test Method Executed Successfully]]>
            </line>
          </reporter-output>
        </test-method> <!-- CON_001 -->
        <test-method is-config="true" signature="logoutOperation()[pri:0, instance:testCaseRepo.TC_004@1f2586d6]" started-at="2025-09-06T12:29:07 IST" name="logoutOperation" finished-at="2025-09-06T12:29:08 IST" duration-ms="1553" status="FAIL">
          <exception class="org.openqa.selenium.ElementClickInterceptedException">
            <message>
              <![CDATA[element click intercepted: Element <span class="fa fa-user" aria-hidden="true" title="Hanif Makakmayum(admin)"></span> is not clickable at point (1503, 20). Other element would receive the click: <div id="messageBar" class="">...</div>
  (Session info: chrome=140.0.7339.80)
Build info: version: '4.35.0', revision: '1c58e5028b'
System info: os.name: 'Linux', os.arch: 'amd64', os.version: '6.14.0-29-generic', java.version: '21.0.8'
Driver info: org.openqa.selenium.chrome.ChromeDriver
Command: [c80639adf55317680e6ddcd15cc48899, clickElement {id=f.4A0A92AD474833DA61D17068F1E24801.d.222F4D0F657FE9F36E48A97966D4BBD4.e.456}]
Capabilities {acceptInsecureCerts: false, browserName: chrome, browserVersion: 140.0.7339.80, chrome: {chromedriverVersion: 140.0.7339.80 (670b6f192f46..., userDataDir: /tmp/.org.chromium.Chromium...}, fedcm:accounts: true, goog:chromeOptions: {debuggerAddress: localhost:44319}, networkConnectionEnabled: false, pageLoadStrategy: normal, platformName: linux, proxy: Proxy(), se:cdp: ws://localhost:44319/devtoo..., se:cdpVersion: 140.0.7339.80, setWindowRect: true, strictFileInteractability: false, timeouts: {implicit: 0, pageLoad: 300000, script: 30000}, unhandledPromptBehavior: dismiss and notify, webauthn:extension:credBlob: true, webauthn:extension:largeBlob: true, webauthn:extension:minPinLength: true, webauthn:extension:prf: true, webauthn:virtualAuthenticators: true}
Element: [[ChromeDriver: chrome on linux (c80639adf55317680e6ddcd15cc48899)] -> xpath: //span[@title='Hanif Makakmayum(admin)']]
Session ID: c80639adf55317680e6ddcd15cc48899]]>
            </message>
            <full-stacktrace>
              <![CDATA[org.openqa.selenium.ElementClickInterceptedException: element click intercepted: Element <span class="fa fa-user" aria-hidden="true" title="Hanif Makakmayum(admin)"></span> is not clickable at point (1503, 20). Other element would receive the click: <div id="messageBar" class="">...</div>
  (Session info: chrome=140.0.7339.80)
Build info: version: '4.35.0', revision: '1c58e5028b'
System info: os.name: 'Linux', os.arch: 'amd64', os.version: '6.14.0-29-generic', java.version: '21.0.8'
Driver info: org.openqa.selenium.chrome.ChromeDriver
Command: [c80639adf55317680e6ddcd15cc48899, clickElement {id=f.4A0A92AD474833DA61D17068F1E24801.d.222F4D0F657FE9F36E48A97966D4BBD4.e.456}]
Capabilities {acceptInsecureCerts: false, browserName: chrome, browserVersion: 140.0.7339.80, chrome: {chromedriverVersion: 140.0.7339.80 (670b6f192f46..., userDataDir: /tmp/.org.chromium.Chromium...}, fedcm:accounts: true, goog:chromeOptions: {debuggerAddress: localhost:44319}, networkConnectionEnabled: false, pageLoadStrategy: normal, platformName: linux, proxy: Proxy(), se:cdp: ws://localhost:44319/devtoo..., se:cdpVersion: 140.0.7339.80, setWindowRect: true, strictFileInteractability: false, timeouts: {implicit: 0, pageLoad: 300000, script: 30000}, unhandledPromptBehavior: dismiss and notify, webauthn:extension:credBlob: true, webauthn:extension:largeBlob: true, webauthn:extension:minPinLength: true, webauthn:extension:prf: true, webauthn:virtualAuthenticators: true}
Element: [[ChromeDriver: chrome on linux (c80639adf55317680e6ddcd15cc48899)] -> xpath: //span[@title='Hanif Makakmayum(admin)']]
Session ID: c80639adf55317680e6ddcd15cc48899
at java.base/jdk.internal.reflect.DirectConstructorHandleAccessor.newInstance(DirectConstructorHandleAccessor.java:62)
at java.base/java.lang.reflect.Constructor.newInstanceWithCaller(Constructor.java:502)
at java.base/java.lang.reflect.Constructor.newInstance(Constructor.java:486)
at org.openqa.selenium.remote.ErrorCodec.decode(ErrorCodec.java:167)
at org.openqa.selenium.remote.codec.w3c.W3CHttpResponseCodec.decode(W3CHttpResponseCodec.java:138)
at org.openqa.selenium.remote.codec.w3c.W3CHttpResponseCodec.decode(W3CHttpResponseCodec.java:50)
at org.openqa.selenium.remote.HttpCommandExecutor.execute(HttpCommandExecutor.java:215)
at org.openqa.selenium.remote.service.DriverCommandExecutor.invokeExecute(DriverCommandExecutor.java:216)
at org.openqa.selenium.remote.service.DriverCommandExecutor.execute(DriverCommandExecutor.java:174)
at org.openqa.selenium.remote.RemoteWebDriver.execute(RemoteWebDriver.java:557)
at org.openqa.selenium.remote.RemoteWebElement.execute(RemoteWebElement.java:223)
at org.openqa.selenium.remote.RemoteWebElement.click(RemoteWebElement.java:76)
at java.base/jdk.internal.reflect.DirectMethodHandleAccessor.invoke(DirectMethodHandleAccessor.java:103)
at java.base/java.lang.reflect.Method.invoke(Method.java:580)
at org.openqa.selenium.support.pagefactory.internal.LocatingElementHandler.invoke(LocatingElementHandler.java:51)
at jdk.proxy2/jdk.proxy2.$Proxy22.click(Unknown Source)
at objectRepo.HomePage.clickOnAccounIcon(HomePage.java:101)
at genericUtility.BaseClass.logoutOperation(BaseClass.java:76)
at java.base/jdk.internal.reflect.DirectMethodHandleAccessor.invoke(DirectMethodHandleAccessor.java:103)
at java.base/java.lang.reflect.Method.invoke(Method.java:580)
at org.testng.internal.invokers.MethodInvocationHelper.invokeMethod(MethodInvocationHelper.java:141)
at org.testng.internal.invokers.MethodInvocationHelper.invokeMethodConsideringTimeout(MethodInvocationHelper.java:71)
at org.testng.internal.invokers.ConfigInvoker.invokeConfigurationMethod(ConfigInvoker.java:400)
at org.testng.internal.invokers.ConfigInvoker.invokeConfigurations(ConfigInvoker.java:333)
at org.testng.internal.invokers.TestInvoker.runConfigMethods(TestInvoker.java:836)
at org.testng.internal.invokers.TestInvoker.runAfterConfigurations(TestInvoker.java:805)
at org.testng.internal.invokers.TestInvoker.invokeMethod(TestInvoker.java:781)
at org.testng.internal.invokers.TestInvoker.invokeTestMethod(TestInvoker.java:230)
at org.testng.internal.invokers.MethodRunner.runInSequence(MethodRunner.java:63)
at org.testng.internal.invokers.TestInvoker$MethodInvocationAgent.invoke(TestInvoker.java:995)
at org.testng.internal.invokers.TestInvoker.invokeTestMethods(TestInvoker.java:203)
at org.testng.internal.invokers.TestMethodWorker.invokeTestMethods(TestMethodWorker.java:154)
at org.testng.internal.invokers.TestMethodWorker.run(TestMethodWorker.java:134)
at java.base/java.util.ArrayList.forEach(ArrayList.java:1596)
at org.testng.TestRunner.privateRun(TestRunner.java:741)
at org.testng.TestRunner.run(TestRunner.java:616)
at org.testng.SuiteRunner.runTest(SuiteRunner.java:421)
at org.testng.SuiteRunner.runSequentially(SuiteRunner.java:413)
at org.testng.SuiteRunner.privateRun(SuiteRunner.java:373)
at org.testng.SuiteRunner.run(SuiteRunner.java:312)
at org.testng.SuiteRunnerWorker.runSuite(SuiteRunnerWorker.java:52)
at org.testng.SuiteRunnerWorker.run(SuiteRunnerWorker.java:95)
at org.testng.TestNG.runSuitesSequentially(TestNG.java:1274)
at org.testng.TestNG.runSuitesLocally(TestNG.java:1208)
at org.testng.TestNG.runSuites(TestNG.java:1112)
at org.testng.TestNG.run(TestNG.java:1079)
at org.testng.remote.AbstractRemoteTestNG.run(AbstractRemoteTestNG.java:115)
at org.testng.remote.RemoteTestNG.initAndRun(RemoteTestNG.java:293)
at org.testng.remote.RemoteTestNG.main(RemoteTestNG.java:91)
]]>
            </full-stacktrace>
          </exception> <!-- org.openqa.selenium.ElementClickInterceptedException -->
          <reporter-output>
          </reporter-output>
        </test-method> <!-- logoutOperation -->
        <test-method is-config="true" signature="closeBrowser()[pri:0, instance:testCaseRepo.TC_004@1f2586d6]" started-at="2025-09-06T12:29:08 IST" name="closeBrowser" finished-at="2025-09-06T12:29:08 IST" duration-ms="240" status="PASS">
          <reporter-output>
          </reporter-output>
        </test-method> <!-- closeBrowser -->
      </class> <!-- testCaseRepo.TC_004 -->
    </test> <!-- Test -->
  </suite> <!-- Suite -->
</testng-results>
